<?xml version="1.0" encoding="UTF-8"?>
<!-- Generated by org.testng.reporters.JUnitXMLReporter -->
<testsuite hostname="LAPTOP-SLMCRK6V" ignored="0" name="Test" tests="6" failures="0" timestamp="2020-09-17T20:01:09 IST" time="0.035" errors="0">
  <testcase name="chrome" time="0.004" classname="QATutorial.SeleniumTest"/>
  <testcase name="firefox" time="0.0" classname="QATutorial.SeleniumTest"/>
  <testcase name="deleteTweet" time="0.0" classname="QATutorial.RESTAPITest"/>
  <testcase name="postJira" time="0.0" classname="QATutorial.RESTAPITest"/>
  <testcase name="androidApp" time="0.0" classname="QATutorial.AppiumTest"/>
  <testcase name="iOSApp" time="0.0" classname="QATutorial.AppiumTest"/>
</testsuite> <!-- Test -->
