<?xml version="1.0" encoding="UTF-8"?>
<testng-results skipped="0" failed="0" ignored="0" total="6" passed="6">
  <reporter-output>
  </reporter-output>
  <suite name="Suite" duration-ms="35" started-at="2020-09-17T20:01:09 IST" finished-at="2020-09-17T20:01:09 IST">
    <groups>
    </groups>
    <test name="Test" duration-ms="35" started-at="2020-09-17T20:01:09 IST" finished-at="2020-09-17T20:01:09 IST">
      <class name="QATutorial.SeleniumTest">
        <test-method status="PASS" signature="chrome()[pri:0, instance:QATutorial.SeleniumTest@148080bb]" name="chrome" duration-ms="4" started-at="2020-09-17T20:01:09 IST" finished-at="2020-09-17T20:01:09 IST">
          <reporter-output>
          </reporter-output>
        </test-method> <!-- chrome -->
        <test-method status="PASS" signature="firefox()[pri:0, instance:QATutorial.SeleniumTest@148080bb]" name="firefox" duration-ms="0" started-at="2020-09-17T20:01:09 IST" finished-at="2020-09-17T20:01:09 IST">
          <reporter-output>
          </reporter-output>
        </test-method> <!-- firefox -->
      </class> <!-- QATutorial.SeleniumTest -->
      <class name="QATutorial.RESTAPITest">
        <test-method status="PASS" signature="postJira()[pri:0, instance:QATutorial.RESTAPITest@dc24521]" name="postJira" duration-ms="0" started-at="2020-09-17T20:01:09 IST" finished-at="2020-09-17T20:01:09 IST">
          <reporter-output>
          </reporter-output>
        </test-method> <!-- postJira -->
        <test-method status="PASS" signature="deleteTweet()[pri:0, instance:QATutorial.RESTAPITest@dc24521]" name="deleteTweet" duration-ms="0" started-at="2020-09-17T20:01:09 IST" finished-at="2020-09-17T20:01:09 IST">
          <reporter-output>
          </reporter-output>
        </test-method> <!-- deleteTweet -->
      </class> <!-- QATutorial.RESTAPITest -->
      <class name="QATutorial.AppiumTest">
        <test-method status="PASS" signature="androidApp()[pri:0, instance:QATutorial.AppiumTest@10bdf5e5]" name="androidApp" duration-ms="0" started-at="2020-09-17T20:01:09 IST" finished-at="2020-09-17T20:01:09 IST">
          <reporter-output>
          </reporter-output>
        </test-method> <!-- androidApp -->
        <test-method status="PASS" signature="iOSApp()[pri:0, instance:QATutorial.AppiumTest@10bdf5e5]" name="iOSApp" duration-ms="0" started-at="2020-09-17T20:01:09 IST" finished-at="2020-09-17T20:01:09 IST">
          <reporter-output>
          </reporter-output>
        </test-method> <!-- iOSApp -->
      </class> <!-- QATutorial.AppiumTest -->
    </test> <!-- Test -->
  </suite> <!-- Suite -->
</testng-results>
